<?xml version="1.0" encoding="UTF-8"?>
<!-- Generated by org.testng.reporters.JUnitReportReporter -->
<testsuite hostname="Satishs-MacBook-Pro.local" failures="0" tests="1" name="com.XrayJira.Tests.PracticeWindowHandlesTest" time="7.999" errors="0" timestamp="2024-11-17T17:13:13 IST" skipped="0">
  <testcase classname="com.XrayJira.Tests.PracticeWindowHandlesTest" name="getWindowHandles" time="7.999">
    <system-out>
      <![CDATA[Test is Successful]]>
    </system-out>
  </testcase> <!-- getWindowHandles -->
  <system-out>
    <![CDATA[Test is Successful]]>
  </system-out>
</testsuite> <!-- com.XrayJira.Tests.PracticeWindowHandlesTest -->
