<?xml version="1.0" encoding="UTF-8"?>
<!-- Generated by org.testng.reporters.JUnitReportReporter -->
<testsuite hostname="Satishs-MacBook-Pro.local" failures="0" tests="1" name="seleniumPractice.PracticeWindowHandles" time="6.390" errors="0" timestamp="2024-11-16T12:30:17 IST" skipped="0">
  <testcase classname="seleniumPractice.PracticeWindowHandles" name="getWindowHandles" time="6.390">
    <system-out>
      <![CDATA[Test is Successful]]>
    </system-out>
  </testcase> <!-- getWindowHandles -->
  <system-out>
    <![CDATA[Test is Successful]]>
  </system-out>
</testsuite> <!-- seleniumPractice.PracticeWindowHandles -->
